<?xml version="1.0" encoding="UTF-8"?>
<!-- Generated by org.testng.reporters.JUnitXMLReporter -->
<testsuite hostname="Imtiyaz-PC" name="Cucumeber Test" tests="1" failures="0" timestamp="25 Sep 2020 17:35:55 GMT" time="45.885" errors="0">
  <testcase name="@BeforeClass onStart" time="0.0" classname="com.hipsocial.stepdefinitions.RunCukesTest">
    <failure type="java.lang.NullPointerException">
      <![CDATA[java.lang.NullPointerException
	at org.openqa.selenium.remote.RemoteWebDriver.findElements(RemoteWebDriver.java:446)
	at org.openqa.selenium.remote.RemoteWebDriver.findElementsByXPath(RemoteWebDriver.java:513)
	at org.openqa.selenium.By$ByXPath.findElements(By.java:356)
	at org.openqa.selenium.remote.RemoteWebDriver.findElements(RemoteWebDriver.java:398)
	at org.openqa.selenium.support.ui.ExpectedConditions.findElement(ExpectedConditions.java:882)
	at org.openqa.selenium.support.ui.ExpectedConditions.access$000(ExpectedConditions.java:44)
	at org.openqa.selenium.support.ui.ExpectedConditions$7.apply(ExpectedConditions.java:206)
	at org.openqa.selenium.support.ui.ExpectedConditions$7.apply(ExpectedConditions.java:202)
	at org.openqa.selenium.support.ui.FluentWait.until(FluentWait.java:209)
	at com.hipsocial.stepdefinitions.RunCukesTest.onStart(RunCukesTest.java:114)
... Removed 24 stack frames]]>
    </failure>
  </testcase> <!-- @BeforeClass onStart -->
  <testcase name="@AfterClass onFinish" time="0.0" classname="com.hipsocial.stepdefinitions.RunCukesTest">
    <skipped/>
  </testcase> <!-- @AfterClass onFinish -->
  <testcase name="@AfterClass tearDownClass" time="0.0" classname="com.hipsocial.stepdefinitions.RunCukesTest">
    <skipped/>
  </testcase> <!-- @AfterClass tearDownClass -->
  <testcase name="feature" time="0.003" classname="com.hipsocial.stepdefinitions.RunCukesTest">
    <skipped/>
  </testcase> <!-- feature -->
</testsuite> <!-- Cucumeber Test -->
