<?xml version="1.0" encoding="UTF-8"?>
<testng-results skipped="0" failed="0" total="1" passed="1">
  <reporter-output>
  </reporter-output>
  <suite name="Cucumber Suite" duration-ms="206337" started-at="2020-09-26T05:16:21Z" finished-at="2020-09-26T05:19:48Z">
    <groups>
      <group name="cucumber">
        <method signature="AbstractTestNGCucumberTests.feature(cucumber.api.testng.CucumberFeatureWrapper)[pri:0, instance:com.finder.stepdefinitions.RunCukesTest@7e2d773b]" name="feature" class="cucumber.api.testng.AbstractTestNGCucumberTests"/>
      </group> <!-- cucumber -->
    </groups>
    <test name="Cucumeber Test" duration-ms="206337" started-at="2020-09-26T05:16:21Z" finished-at="2020-09-26T05:19:48Z">
      <class name="com.finder.stepdefinitions.RunCukesTest">
        <test-method status="PASS" signature="setUpClass()[pri:0, instance:com.finder.stepdefinitions.RunCukesTest@7e2d773b]" name="setUpClass" is-config="true" duration-ms="666" started-at="2020-09-26T10:46:21Z" finished-at="2020-09-26T10:46:22Z">
          <reporter-output>
          </reporter-output>
        </test-method> <!-- setUpClass -->
        <test-method status="PASS" signature="onStart()[pri:0, instance:com.finder.stepdefinitions.RunCukesTest@7e2d773b]" name="onStart" is-config="true" duration-ms="62601" started-at="2020-09-26T10:46:22Z" finished-at="2020-09-26T10:47:24Z">
          <reporter-output>
          </reporter-output>
        </test-method> <!-- onStart -->
        <test-method status="PASS" signature="feature(cucumber.api.testng.CucumberFeatureWrapper)[pri:0, instance:com.finder.stepdefinitions.RunCukesTest@7e2d773b]" name="feature" duration-ms="137412" started-at="2020-09-26T10:47:26Z" description="Runs Cucumber Feature" data-provider="features" finished-at="2020-09-26T10:49:43Z">
          <params>
            <param index="0">
              <value>
                <![CDATA[Test the functionaliy of the finder app in 500apps portal]]>
              </value>
            </param>
          </params>
          <reporter-output>
          </reporter-output>
        </test-method> <!-- feature -->
        <test-method status="PASS" signature="onFinish()[pri:0, instance:com.finder.stepdefinitions.RunCukesTest@7e2d773b]" name="onFinish" is-config="true" duration-ms="4277" started-at="2020-09-26T10:49:43Z" finished-at="2020-09-26T10:49:47Z">
          <reporter-output>
          </reporter-output>
        </test-method> <!-- onFinish -->
        <test-method status="PASS" signature="tearDownClass()[pri:0, instance:com.finder.stepdefinitions.RunCukesTest@7e2d773b]" name="tearDownClass" is-config="true" duration-ms="112" started-at="2020-09-26T10:49:47Z" finished-at="2020-09-26T10:49:48Z">
          <reporter-output>
          </reporter-output>
        </test-method> <!-- tearDownClass -->
      </class> <!-- com.finder.stepdefinitions.RunCukesTest -->
    </test> <!-- Cucumeber Test -->
  </suite> <!-- Cucumber Suite -->
</testng-results>
