<?xml version="1.0" encoding="UTF-8"?>
<testng-results skipped="1" failed="0" total="1" passed="0">
  <reporter-output>
  </reporter-output>
  <suite name="Cucumber Suite" duration-ms="54763" started-at="2020-09-25T12:19:27Z" finished-at="2020-09-25T12:20:21Z">
    <groups>
      <group name="cucumber">
        <method signature="AbstractTestNGCucumberTests.feature(cucumber.api.testng.CucumberFeatureWrapper)[pri:0, instance:com.finder.stepdefinitions.RunCukesTest@7e2d773b]" name="feature" class="cucumber.api.testng.AbstractTestNGCucumberTests"/>
      </group> <!-- cucumber -->
    </groups>
    <test name="Cucumeber Test" duration-ms="54763" started-at="2020-09-25T12:19:27Z" finished-at="2020-09-25T12:20:21Z">
      <class name="com.finder.stepdefinitions.RunCukesTest">
        <test-method status="PASS" signature="setUpClass()[pri:0, instance:com.finder.stepdefinitions.RunCukesTest@7e2d773b]" name="setUpClass" is-config="true" duration-ms="1151" started-at="2020-09-25T17:49:27Z" finished-at="2020-09-25T17:49:28Z">
          <reporter-output>
          </reporter-output>
        </test-method> <!-- setUpClass -->
        <test-method status="FAIL" signature="onStart()[pri:0, instance:com.finder.stepdefinitions.RunCukesTest@7e2d773b]" name="onStart" is-config="true" duration-ms="0" started-at="2020-09-25T17:49:28Z" finished-at="2020-09-25T17:49:28Z">
          <exception class="org.openqa.selenium.WebDriverException">
            <message>
              <![CDATA[unknown error: cannot determine loading status
from disconnected: unable to send message to renderer
  (Session info: chrome=85.0.4183.121)
Build info: version: '3.4.0', revision: 'unknown', time: 'unknown'
System info: host: 'IMTIYAZ-PC', ip: '192.168.0.101', os.name: 'Windows 10', os.arch: 'amd64', os.version: '10.0', java.version: '1.8.0_231'
Driver info: org.openqa.selenium.chrome.ChromeDriver
Capabilities [{networkConnectionEnabled=false, chrome={chromedriverVersion=85.0.4183.87 (cd6713ebf92fa1cacc0f1a598df280093af0c5d7-refs/branch-heads/4183@{#1689}), userDataDir=C:\Users\Imtiyaz\AppData\Local\Temp\scoped_dir7044_1056310989}, timeouts={implicit=0.0, pageLoad=300000.0, script=30000.0}, pageLoadStrategy=normal, unhandledPromptBehavior=dismiss and notify, strictFileInteractability=false, platform=ANY, proxy=Proxy(), goog:chromeOptions={debuggerAddress=localhost:49640}, acceptInsecureCerts=false, browserVersion=85.0.4183.121, browserName=chrome, javascriptEnabled=true, platformName=windows, setWindowRect=true, webauthn:virtualAuthenticators=true}]
Session ID: 437a650fe6a584d84008a545ff5e68f9]]>
            </message>
            <full-stacktrace>
              <![CDATA[org.openqa.selenium.WebDriverException: unknown error: cannot determine loading status
from disconnected: unable to send message to renderer
  (Session info: chrome=85.0.4183.121)
Build info: version: '3.4.0', revision: 'unknown', time: 'unknown'
System info: host: 'IMTIYAZ-PC', ip: '192.168.0.101', os.name: 'Windows 10', os.arch: 'amd64', os.version: '10.0', java.version: '1.8.0_231'
Driver info: org.openqa.selenium.chrome.ChromeDriver
Capabilities [{networkConnectionEnabled=false, chrome={chromedriverVersion=85.0.4183.87 (cd6713ebf92fa1cacc0f1a598df280093af0c5d7-refs/branch-heads/4183@{#1689}), userDataDir=C:\Users\Imtiyaz\AppData\Local\Temp\scoped_dir7044_1056310989}, timeouts={implicit=0.0, pageLoad=300000.0, script=30000.0}, pageLoadStrategy=normal, unhandledPromptBehavior=dismiss and notify, strictFileInteractability=false, platform=ANY, proxy=Proxy(), goog:chromeOptions={debuggerAddress=localhost:49640}, acceptInsecureCerts=false, browserVersion=85.0.4183.121, browserName=chrome, javascriptEnabled=true, platformName=windows, setWindowRect=true, webauthn:virtualAuthenticators=true}]
Session ID: 437a650fe6a584d84008a545ff5e68f9
	at sun.reflect.NativeConstructorAccessorImpl.newInstance0(Native Method)
	at sun.reflect.NativeConstructorAccessorImpl.newInstance(NativeConstructorAccessorImpl.java:62)
	at sun.reflect.DelegatingConstructorAccessorImpl.newInstance(DelegatingConstructorAccessorImpl.java:45)
	at java.lang.reflect.Constructor.newInstance(Constructor.java:423)
	at org.openqa.selenium.remote.http.W3CHttpResponseCodec.createException(W3CHttpResponseCodec.java:150)
	at org.openqa.selenium.remote.http.W3CHttpResponseCodec.decode(W3CHttpResponseCodec.java:115)
	at org.openqa.selenium.remote.http.W3CHttpResponseCodec.decode(W3CHttpResponseCodec.java:45)
	at org.openqa.selenium.remote.HttpCommandExecutor.execute(HttpCommandExecutor.java:164)
	at org.openqa.selenium.remote.service.DriverCommandExecutor.execute(DriverCommandExecutor.java:82)
	at org.openqa.selenium.remote.RemoteWebDriver.execute(RemoteWebDriver.java:637)
	at org.openqa.selenium.remote.RemoteWebDriver.get(RemoteWebDriver.java:364)
	at com.finder.stepdefinitions.RunCukesTest.onStart(RunCukesTest.java:107)
	at sun.reflect.NativeMethodAccessorImpl.invoke0(Native Method)
	at sun.reflect.NativeMethodAccessorImpl.invoke(NativeMethodAccessorImpl.java:62)
	at sun.reflect.DelegatingMethodAccessorImpl.invoke(DelegatingMethodAccessorImpl.java:43)
	at java.lang.reflect.Method.invoke(Method.java:498)
	at org.testng.internal.MethodInvocationHelper.invokeMethod(MethodInvocationHelper.java:85)
	at org.testng.internal.Invoker.invokeConfigurationMethod(Invoker.java:517)
	at org.testng.internal.Invoker.invokeConfigurations(Invoker.java:213)
	at org.testng.internal.Invoker.invokeConfigurations(Invoker.java:140)
	at org.testng.internal.TestMethodWorker.invokeBeforeClassMethods(TestMethodWorker.java:170)
	at org.testng.internal.TestMethodWorker.run(TestMethodWorker.java:104)
	at org.testng.TestRunner.privateRun(TestRunner.java:771)
	at org.testng.TestRunner.run(TestRunner.java:621)
	at org.testng.SuiteRunner.runTest(SuiteRunner.java:357)
	at org.testng.SuiteRunner.runSequentially(SuiteRunner.java:352)
	at org.testng.SuiteRunner.privateRun(SuiteRunner.java:310)
	at org.testng.SuiteRunner.run(SuiteRunner.java:259)
	at org.testng.SuiteRunnerWorker.runSuite(SuiteRunnerWorker.java:52)
	at org.testng.SuiteRunnerWorker.run(SuiteRunnerWorker.java:86)
	at org.testng.TestNG.runSuitesSequentially(TestNG.java:1199)
	at org.testng.TestNG.runSuitesLocally(TestNG.java:1124)
	at org.testng.TestNG.run(TestNG.java:1032)
	at org.testng.remote.AbstractRemoteTestNG.run(AbstractRemoteTestNG.java:115)
	at org.testng.remote.RemoteTestNG.initAndRun(RemoteTestNG.java:251)
	at org.testng.remote.RemoteTestNG.main(RemoteTestNG.java:77)
]]>
            </full-stacktrace>
          </exception> <!-- org.openqa.selenium.WebDriverException -->
          <reporter-output>
          </reporter-output>
        </test-method> <!-- onStart -->
        <test-method status="SKIP" signature="feature(cucumber.api.testng.CucumberFeatureWrapper)[pri:0, instance:com.finder.stepdefinitions.RunCukesTest@7e2d773b]" name="feature" duration-ms="4" started-at="2020-09-25T17:50:21Z" description="Runs Cucumber Feature" data-provider="features" finished-at="2020-09-25T17:50:21Z">
          <params>
            <param index="0">
              <value>
                <![CDATA[Test the functionaliy of the finder app in 500apps portal]]>
              </value>
            </param>
          </params>
          <reporter-output>
          </reporter-output>
        </test-method> <!-- feature -->
        <test-method status="SKIP" signature="onFinish()[pri:0, instance:com.finder.stepdefinitions.RunCukesTest@7e2d773b]" name="onFinish" is-config="true" duration-ms="0" started-at="2020-09-25T17:50:21Z" finished-at="2020-09-25T17:50:21Z">
          <reporter-output>
          </reporter-output>
        </test-method> <!-- onFinish -->
        <test-method status="SKIP" signature="tearDownClass()[pri:0, instance:com.finder.stepdefinitions.RunCukesTest@7e2d773b]" name="tearDownClass" is-config="true" duration-ms="0" started-at="2020-09-25T17:50:21Z" finished-at="2020-09-25T17:50:21Z">
          <reporter-output>
          </reporter-output>
        </test-method> <!-- tearDownClass -->
      </class> <!-- com.finder.stepdefinitions.RunCukesTest -->
    </test> <!-- Cucumeber Test -->
  </suite> <!-- Cucumber Suite -->
</testng-results>
