<?xml version="1.0" encoding="UTF-8"?>
<testng-results skipped="1" failed="0" total="1" passed="0">
  <reporter-output>
  </reporter-output>
  <suite name="Cucumber Suite" duration-ms="45885" started-at="2020-09-25T17:35:09Z" finished-at="2020-09-25T17:35:54Z">
    <groups>
      <group name="cucumber">
        <method signature="AbstractTestNGCucumberTests.feature(cucumber.api.testng.CucumberFeatureWrapper)[pri:0, instance:com.hipsocial.stepdefinitions.RunCukesTest@7e2d773b]" name="feature" class="cucumber.api.testng.AbstractTestNGCucumberTests"/>
      </group> <!-- cucumber -->
    </groups>
    <test name="Cucumeber Test" duration-ms="45885" started-at="2020-09-25T17:35:09Z" finished-at="2020-09-25T17:35:54Z">
      <class name="com.hipsocial.stepdefinitions.RunCukesTest">
        <test-method status="PASS" signature="setUpClass()[pri:0, instance:com.hipsocial.stepdefinitions.RunCukesTest@7e2d773b]" name="setUpClass" is-config="true" duration-ms="846" started-at="2020-09-25T23:05:09Z" finished-at="2020-09-25T23:05:09Z">
          <reporter-output>
          </reporter-output>
        </test-method> <!-- setUpClass -->
        <test-method status="FAIL" signature="onStart()[pri:0, instance:com.hipsocial.stepdefinitions.RunCukesTest@7e2d773b]" name="onStart" is-config="true" duration-ms="0" started-at="2020-09-25T23:05:09Z" finished-at="2020-09-25T23:05:09Z">
          <exception class="java.lang.NullPointerException">
            <full-stacktrace>
              <![CDATA[java.lang.NullPointerException
	at org.openqa.selenium.remote.RemoteWebDriver.findElements(RemoteWebDriver.java:446)
	at org.openqa.selenium.remote.RemoteWebDriver.findElementsByXPath(RemoteWebDriver.java:513)
	at org.openqa.selenium.By$ByXPath.findElements(By.java:356)
	at org.openqa.selenium.remote.RemoteWebDriver.findElements(RemoteWebDriver.java:398)
	at org.openqa.selenium.support.ui.ExpectedConditions.findElement(ExpectedConditions.java:882)
	at org.openqa.selenium.support.ui.ExpectedConditions.access$000(ExpectedConditions.java:44)
	at org.openqa.selenium.support.ui.ExpectedConditions$7.apply(ExpectedConditions.java:206)
	at org.openqa.selenium.support.ui.ExpectedConditions$7.apply(ExpectedConditions.java:202)
	at org.openqa.selenium.support.ui.FluentWait.until(FluentWait.java:209)
	at com.hipsocial.stepdefinitions.RunCukesTest.onStart(RunCukesTest.java:114)
	at sun.reflect.NativeMethodAccessorImpl.invoke0(Native Method)
	at sun.reflect.NativeMethodAccessorImpl.invoke(NativeMethodAccessorImpl.java:62)
	at sun.reflect.DelegatingMethodAccessorImpl.invoke(DelegatingMethodAccessorImpl.java:43)
	at java.lang.reflect.Method.invoke(Method.java:498)
	at org.testng.internal.MethodInvocationHelper.invokeMethod(MethodInvocationHelper.java:85)
	at org.testng.internal.Invoker.invokeConfigurationMethod(Invoker.java:517)
	at org.testng.internal.Invoker.invokeConfigurations(Invoker.java:213)
	at org.testng.internal.Invoker.invokeConfigurations(Invoker.java:140)
	at org.testng.internal.TestMethodWorker.invokeBeforeClassMethods(TestMethodWorker.java:170)
	at org.testng.internal.TestMethodWorker.run(TestMethodWorker.java:104)
	at org.testng.TestRunner.privateRun(TestRunner.java:771)
	at org.testng.TestRunner.run(TestRunner.java:621)
	at org.testng.SuiteRunner.runTest(SuiteRunner.java:357)
	at org.testng.SuiteRunner.runSequentially(SuiteRunner.java:352)
	at org.testng.SuiteRunner.privateRun(SuiteRunner.java:310)
	at org.testng.SuiteRunner.run(SuiteRunner.java:259)
	at org.testng.SuiteRunnerWorker.runSuite(SuiteRunnerWorker.java:52)
	at org.testng.SuiteRunnerWorker.run(SuiteRunnerWorker.java:86)
	at org.testng.TestNG.runSuitesSequentially(TestNG.java:1199)
	at org.testng.TestNG.runSuitesLocally(TestNG.java:1124)
	at org.testng.TestNG.run(TestNG.java:1032)
	at org.testng.remote.AbstractRemoteTestNG.run(AbstractRemoteTestNG.java:115)
	at org.testng.remote.RemoteTestNG.initAndRun(RemoteTestNG.java:251)
	at org.testng.remote.RemoteTestNG.main(RemoteTestNG.java:77)
]]>
            </full-stacktrace>
          </exception> <!-- java.lang.NullPointerException -->
          <reporter-output>
          </reporter-output>
        </test-method> <!-- onStart -->
        <test-method status="SKIP" signature="feature(cucumber.api.testng.CucumberFeatureWrapper)[pri:0, instance:com.hipsocial.stepdefinitions.RunCukesTest@7e2d773b]" name="feature" duration-ms="3" started-at="2020-09-25T23:05:54Z" description="Runs Cucumber Feature" data-provider="features" finished-at="2020-09-25T23:05:54Z">
          <params>
            <param index="0">
              <value>
                <![CDATA[Test feature of Hipsocial in 500apps Portal]]>
              </value>
            </param>
          </params>
          <reporter-output>
          </reporter-output>
        </test-method> <!-- feature -->
        <test-method status="SKIP" signature="onFinish()[pri:0, instance:com.hipsocial.stepdefinitions.RunCukesTest@7e2d773b]" name="onFinish" is-config="true" duration-ms="0" started-at="2020-09-25T23:05:54Z" finished-at="2020-09-25T23:05:54Z">
          <reporter-output>
          </reporter-output>
        </test-method> <!-- onFinish -->
        <test-method status="SKIP" signature="tearDownClass()[pri:0, instance:com.hipsocial.stepdefinitions.RunCukesTest@7e2d773b]" name="tearDownClass" is-config="true" duration-ms="0" started-at="2020-09-25T23:05:54Z" finished-at="2020-09-25T23:05:54Z">
          <reporter-output>
          </reporter-output>
        </test-method> <!-- tearDownClass -->
      </class> <!-- com.hipsocial.stepdefinitions.RunCukesTest -->
    </test> <!-- Cucumeber Test -->
  </suite> <!-- Cucumber Suite -->
</testng-results>
