<?xml version="1.0" encoding="UTF-8"?>
<!-- Generated by org.testng.reporters.JUnitXMLReporter -->
<testsuite hostname="Imtiyaz-PC" ignored="0" name="Cucumeber Test" tests="1" failures="1" timestamp="2020-10-05T21:09:20 IST" time="367.429" errors="0">
  <testcase name="feature" time="291.257" classname="cucumber.api.testng.AbstractTestNGCucumberTests">
    <failure type="cucumber.runtime.CucumberException" message="java.lang.AssertionError: Expected condition failed: waiting for visibility of element located by By.xpath: //h3[contains(text(),&amp;apos;Email Verify&amp;apos;)]/following::main (tried for 10 second(s) with 500 MILLISECONDS interval)">
      <![CDATA[cucumber.runtime.CucumberException: java.lang.AssertionError: Expected condition failed: waiting for visibility of element located by By.xpath: //h3[contains(text(),'Email Verify')]/following::main (tried for 10 second(s) with 500 MILLISECONDS interval)
at cucumber.api.testng.TestNGCucumberRunner.runCucumber(TestNGCucumberRunner.java:69)
at cucumber.api.testng.AbstractTestNGCucumberTests.feature(AbstractTestNGCucumberTests.java:21)
at java.util.ArrayList.forEach(ArrayList.java:1257)
Caused by: java.lang.AssertionError: Expected condition failed: waiting for visibility of element located by By.xpath: //h3[contains(text(),'Email Verify')]/following::main (tried for 10 second(s) with 500 MILLISECONDS interval)
at com.finder.stepdefinitions.FinderAppSteps.click_on_import_from_csv_for_bulk_emailverify(FinderAppSteps.java:265)
at ✽.Then click on import from csv for bulk emailverify(features/FinderApp.feature:46)
... Removed 28 stack frames]]>
    </failure>
  </testcase> <!-- feature -->
</testsuite> <!-- Cucumeber Test -->
