<?xml version="1.0" encoding="UTF-8"?>
<testsuite xmlns:xsi="http://www.w3.org/2001/XMLSchema-instance" xsi:noNamespaceSchemaLocation="https://maven.apache.org/surefire/maven-surefire-plugin/xsd/surefire-test-report-3.0.xsd" version="3.0" name="TestSuite" time="277.702" tests="1" errors="0" skipped="0" failures="1">
  <properties>
[...]
</properties>
  <testcase name="feature[Test the functionaliy of the finder app in 500apps portal](1)" classname="com.finder.stepdefinitions.RunCukesTest" time="174.938">
    <failure message="java.lang.AssertionError: Expected condition failed: waiting for visibility of element located by By.xpath: //h3[contains(text(),&apos;Email Verify&apos;)]/following::main (tried for 10 second(s) with 500 MILLISECONDS interval)" type="cucumber.runtime.CucumberException"><![CDATA[cucumber.runtime.CucumberException: java.lang.AssertionError: Expected condition failed: waiting for visibility of element located by By.xpath: //h3[contains(text(),'Email Verify')]/following::main (tried for 10 second(s) with 500 MILLISECONDS interval)
Caused by: java.lang.AssertionError: Expected condition failed: waiting for visibility of element located by By.xpath: //h3[contains(text(),'Email Verify')]/following::main (tried for 10 second(s) with 500 MILLISECONDS interval)
]]></failure>
    <system-out><![CDATA[CHROMEHEADLESS
	LOG-: [

+===========================================================================================================+ -  2020-10-05 19:23:43 PM] 
- 

+===========================================================================================================+
- 

+===========================================================================================================+
	LOG-: [ Suite started at Mon Oct 05 19:23:43 IST 2020 -  2020-10-05 19:23:43 PM] 
-  Suite started at Mon Oct 05 19:23:43 IST 2020
-  Suite started at Mon Oct 05 19:23:43 IST 2020
	LOG-: [Suite Execution For Web application on environment : Local -  2020-10-05 19:23:43 PM] 
- Suite Execution For Web application on environment : Local
- Suite Execution For Web application on environment : Local
	LOG-: [

+===========================================================================================================+ -  2020-10-05 19:23:43 PM] 
- 

+===========================================================================================================+
- 

+===========================================================================================================+
	LOG-: [CHROMEHEADLESS : Browser Launched and Maximized. -  2020-10-05 19:23:56 PM] 
- CHROMEHEADLESS : Browser Launched and Maximized.
- CHROMEHEADLESS : Browser Launched and Maximized.
domain search text=Domain Search
Feature: Test the functionaliy of the finder app in 500apps portal

  @Finder
  Scenario Outline: Verify user is able to Search Emails by Using DomainSearch # features/FinderApp.feature:4
    Given Read the test data  "<FinderTestData>" from Excel file for Finder
    When Enter the DomainName for Domainsearch
    Then click on Find Email Address

    Examples: 
	LOG-: [
+----------------------------------------------------------------------------------------------------------------------------+ -  2020-10-05 19:25:18 PM] 
- 
+----------------------------------------------------------------------------------------------------------------------------+
- 
+----------------------------------------------------------------------------------------------------------------------------+
	LOG-: [Test Started: Verify user is able to Search Emails by Using DomainSearch -  2020-10-05 19:25:18 PM] 
- Test Started: Verify user is able to Search Emails by Using DomainSearch
- Test Started: Verify user is able to Search Emails by Using DomainSearch
	LOG-: [Test is executed in Environment: Local -  2020-10-05 19:25:18 PM] 
- Test is executed in Environment: Local
- Test is executed in Environment: Local
	LOG-: [Test is started with browser: CHROMEHEADLESS -  2020-10-05 19:25:18 PM] 
- Test is started with browser: CHROMEHEADLESS
- Test is started with browser: CHROMEHEADLESS
20201005192518
	LOG-: [Input Text:  500apps.com - By.xpath: //input[@id='input_domain'] -  2020-10-05 19:25:46 PM] 
- Input Text:  500apps.com - By.xpath: //input[@id='input_domain']
- Input Text:  500apps.com - By.xpath: //input[@id='input_domain']
	LOG-: [Click: By.xpath: //button[text()='Find Email addresses'] -  2020-10-05 19:25:46 PM] 
- Click: By.xpath: //button[text()='Find Email addresses']
- Click: By.xpath: //button[text()='Find Email addresses']
	LOG-: [Test has ended closing browser: CHROMEHEADLESS -  2020-10-05 19:26:00 PM] 
- Test has ended closing browser: CHROMEHEADLESS
- Test has ended closing browser: CHROMEHEADLESS

  @Finder
  Scenario Outline: Verify user is able to Search Emails by Using DomainSearch # features/FinderApp.feature:12
    Given Read the test data  "FinderTestData1" from Excel file for Finder     # FinderAppSteps.read_the_test_data_from_Excel_file_for_Finder(String)
    When Enter the DomainName for Domainsearch                                 # FinderAppSteps.enter_the_DomainName_for_Domainsearch()
    Then click on Find Email Address                                           # FinderAppSteps.click_on_Find_Email_Address()

  @Finder
  Scenario Outline: Verify that user is able to Find Email id status by giving data in First name , Last name, Domain name # features/FinderApp.feature:15
    Given Read the test data  "<FinderTestData>" from Excel file for Finder
    When click on Email_Finder module
    And Enter FN LN and DN for Emailfinder
    Then click on Find

    Examples: 
	LOG-: [
+----------------------------------------------------------------------------------------------------------------------------+ -  2020-10-05 19:26:00 PM] 
- 
+----------------------------------------------------------------------------------------------------------------------------+
- 
+----------------------------------------------------------------------------------------------------------------------------+
	LOG-: [Test Started: Verify that user is able to Find Email id status by giving data in First name , Last name, Domain name -  2020-10-05 19:26:00 PM] 
- Test Started: Verify that user is able to Find Email id status by giving data in First name , Last name, Domain name
- Test Started: Verify that user is able to Find Email id status by giving data in First name , Last name, Domain name
	LOG-: [Test is executed in Environment: Local -  2020-10-05 19:26:00 PM] 
- Test is executed in Environment: Local
- Test is executed in Environment: Local
	LOG-: [Test is started with browser: CHROMEHEADLESS -  2020-10-05 19:26:00 PM] 
- Test is started with browser: CHROMEHEADLESS
- Test is started with browser: CHROMEHEADLESS
20201005192600
	LOG-: [Click: By.xpath: //span[text()='Email Finder'] -  2020-10-05 19:26:00 PM] 
- Click: By.xpath: //span[text()='Email Finder']
- Click: By.xpath: //span[text()='Email Finder']
	LOG-: [Input Text: shaik - By.xpath: //input[@id='input_first_name'] -  2020-10-05 19:26:00 PM] 
- Input Text: shaik - By.xpath: //input[@id='input_first_name']
- Input Text: shaik - By.xpath: //input[@id='input_first_name']
	LOG-: [Input Text: inityaz - By.xpath: //input[@id='input_last_name'] -  2020-10-05 19:26:03 PM] 
- Input Text: inityaz - By.xpath: //input[@id='input_last_name']
- Input Text: inityaz - By.xpath: //input[@id='input_last_name']
	LOG-: [Input Text: 500apps.com - By.xpath: //input[@id='input_domain'] -  2020-10-05 19:26:04 PM] 
- Input Text: 500apps.com - By.xpath: //input[@id='input_domain']
- Input Text: 500apps.com - By.xpath: //input[@id='input_domain']
	LOG-: [Get Element text: By.xpath: //div[@class='d-flex align-items-center justify-content-center']//descendant::div -  2020-10-05 19:26:11 PM] 
- Get Element text: By.xpath: //div[@class='d-flex align-items-center justify-content-center']//descendant::div
- Get Element text: By.xpath: //div[@class='d-flex align-items-center justify-content-center']//descendant::div
	LOG-: [Test has ended closing browser: CHROMEHEADLESS -  2020-10-05 19:26:11 PM] 
- Test has ended closing browser: CHROMEHEADLESS
- Test has ended closing browser: CHROMEHEADLESS

  @Finder
  Scenario Outline: Verify that user is able to Find Email id status by giving data in First name , Last name, Domain name # features/FinderApp.feature:24
    Given Read the test data  "FinderTestData1" from Excel file for Finder                                                 # FinderAppSteps.read_the_test_data_from_Excel_file_for_Finder(String)
    When click on Email_Finder module                                                                                      # FinderAppSteps.click_on_Email_Finder_module()
    And Enter FN LN and DN for Emailfinder                                                                                 # FinderAppSteps.enter_FN_LN_and_DN_for_Emailfinder()
    Then click on Find                                                                                                     # FinderAppSteps.click_on_Find()

  @Finder
  Scenario Outline: Verify that user is able to verify email id             # features/FinderApp.feature:27
    Given Read the test data  "<FinderTestData>" from Excel file for Finder
    When click on Email_Verify module
    And enter the email address for Emailverify
    Then click on find Button

    Examples: 
	LOG-: [
+----------------------------------------------------------------------------------------------------------------------------+ -  2020-10-05 19:26:11 PM] 
- 
+----------------------------------------------------------------------------------------------------------------------------+
- 
+----------------------------------------------------------------------------------------------------------------------------+
	LOG-: [Test Started: Verify that user is able to verify email id -  2020-10-05 19:26:11 PM] 
- Test Started: Verify that user is able to verify email id
- Test Started: Verify that user is able to verify email id
	LOG-: [Test is executed in Environment: Local -  2020-10-05 19:26:11 PM] 
- Test is executed in Environment: Local
- Test is executed in Environment: Local
	LOG-: [Test is started with browser: CHROMEHEADLESS -  2020-10-05 19:26:11 PM] 
- Test is started with browser: CHROMEHEADLESS
- Test is started with browser: CHROMEHEADLESS
20201005192611
	LOG-: [Click: By.xpath: //span[text()='Email Verify'] -  2020-10-05 19:26:11 PM] 
- Click: By.xpath: //span[text()='Email Verify']
- Click: By.xpath: //span[text()='Email Verify']
	LOG-: [Input Text: shaik.inityaz@500apps.com - By.cssSelector: input[id='input_email'][name ='email'] -  2020-10-05 19:26:11 PM] 
- Input Text: shaik.inityaz@500apps.com - By.cssSelector: input[id='input_email'][name ='email']
- Input Text: shaik.inityaz@500apps.com - By.cssSelector: input[id='input_email'][name ='email']
Color displyed=rgba(36, 179, 20, 1)
	LOG-: [Test has ended closing browser: CHROMEHEADLESS -  2020-10-05 19:26:13 PM] 
- Test has ended closing browser: CHROMEHEADLESS
- Test has ended closing browser: CHROMEHEADLESS

  @Finder
  Scenario Outline: Verify that user is able to verify email id            # features/FinderApp.feature:36
    Given Read the test data  "FinderTestData1" from Excel file for Finder # FinderAppSteps.read_the_test_data_from_Excel_file_for_Finder(String)
    When click on Email_Verify module                                      # FinderAppSteps.click_on_Email_Verify_module()
    And enter the email address for Emailverify                            # FinderAppSteps.enter_the_email_address_for_Emailverify()
    Then click on find Button                                              # FinderAppSteps.click_on_find_Button()

  @Finder
  Scenario Outline: Verify that user is able to upload CSV file for Bulk EmailVerify # features/FinderApp.feature:38
    Given Read the test data  "<FinderTestData>" from Excel file for Finder
    When click on Bulk module
    Then click on upload csv file button for bulk emailverify
    And click on up arrow button to upload the file for bulk emailverify
    Then select the fields in mapping screen window for bulk emailverify
    Then click on import from csv for bulk emailverify

    Examples: 
	LOG-: [
+----------------------------------------------------------------------------------------------------------------------------+ -  2020-10-05 19:26:13 PM] 
- 
+----------------------------------------------------------------------------------------------------------------------------+
- 
+----------------------------------------------------------------------------------------------------------------------------+
	LOG-: [Test Started: Verify that user is able to upload CSV file for Bulk EmailVerify -  2020-10-05 19:26:13 PM] 
- Test Started: Verify that user is able to upload CSV file for Bulk EmailVerify
- Test Started: Verify that user is able to upload CSV file for Bulk EmailVerify
	LOG-: [Test is executed in Environment: Local -  2020-10-05 19:26:13 PM] 
- Test is executed in Environment: Local
- Test is executed in Environment: Local
	LOG-: [Test is started with browser: CHROMEHEADLESS -  2020-10-05 19:26:13 PM] 
- Test is started with browser: CHROMEHEADLESS
- Test is started with browser: CHROMEHEADLESS
20201005192613
	LOG-: [Click: By.xpath: //span[text()='Bulk'] -  2020-10-05 19:26:13 PM] 
- Click: By.xpath: //span[text()='Bulk']
- Click: By.xpath: //span[text()='Bulk']
	LOG-: [Click: By.xpath: //div[@class='card-body border-0 pl-0 py-3']//div[@class='customized-form d-flex choose-file']//div//button[@class='btn btn-outline-primary secondary col-md-12'][contains(text(),'Upload CSV File')] -  2020-10-05 19:26:14 PM] 
- Click: By.xpath: //div[@class='card-body border-0 pl-0 py-3']//div[@class='customized-form d-flex choose-file']//div//button[@class='btn btn-outline-primary secondary col-md-12'][contains(text(),'Upload CSV File')]
- Click: By.xpath: //div[@class='card-body border-0 pl-0 py-3']//div[@class='customized-form d-flex choose-file']//div//button[@class='btn btn-outline-primary secondary col-md-12'][contains(text(),'Upload CSV File')]
	LOG-: [Click: By.xpath: //h3[text()='Email Verify']/../../../..//child::div[1]//child::*[1]//descendant::button[3] -  2020-10-05 19:26:21 PM] 
- Click: By.xpath: //h3[text()='Email Verify']/../../../..//child::div[1]//child::*[1]//descendant::button[3]
- Click: By.xpath: //h3[text()='Email Verify']/../../../..//child::div[1]//child::*[1]//descendant::button[3]
C:\Users\Imtiyaz\git\500AppsRepo\FinderAppsrc/test/resources/testData/UploadFiles/verify7.csv
	LOG-: [Select dropdown by text : email - By.xpath: (//select[@id='select'])[1] -  2020-10-05 19:26:28 PM] 
- Select dropdown by text : email - By.xpath: (//select[@id='select'])[1]
- Select dropdown by text : email - By.xpath: (//select[@id='select'])[1]
ExecutionReports\FailedScreenshots\ScreenShot_1601906288587.png
Current Page URL is https://appup2.stg.500apps.io/#/ms/finder/2/0/bulk/d/f-bulks/0/0/0/0/0/0/0/c-b/0

  @Finder
  Scenario Outline: Verify that user is able to upload CSV file for Bulk EmailVerify # features/FinderApp.feature:50
    Given Read the test data  "FinderTestData1" from Excel file for Finder           # FinderAppSteps.read_the_test_data_from_Excel_file_for_Finder(String)
    When click on Bulk module                                                        # FinderAppSteps.click_on_Bulk_module()
    Then click on upload csv file button for bulk emailverify                        # FinderAppSteps.click_on_upload_csv_file_button_for_bulk_emailverify()
    And click on up arrow button to upload the file for bulk emailverify             # FinderAppSteps.click_on_up_arrow_button_to_upload_the_file_for_bulk_emailverify()
    Then select the fields in mapping screen window for bulk emailverify             # FinderAppSteps.select_the_fields_in_mapping_screen_window_for_bulk_emailverify()
    Then click on import from csv for bulk emailverify                               # FinderAppSteps.click_on_import_from_csv_for_bulk_emailverify()
      java.lang.AssertionError: Expected condition failed: waiting for visibility of element located by By.xpath: //h3[contains(text(),'Email Verify')]/following::main (tried for 10 second(s) with 500 MILLISECONDS interval)
      	at org.testng.Assert.fail(Assert.java:97)
      	at com.finder.stepdefinitions.FinderAppSteps.click_on_import_from_csv_for_bulk_emailverify(FinderAppSteps.java:265)
      	at ?.Then click on import from csv for bulk emailverify(features/FinderApp.feature:46)


  @Finder
  Scenario Outline: Verify that user is able to upload CSV file for Bulk EmailFinder    # features/FinderApp.feature:52
    Given Read the test data  "<FinderTestData>" from Excel file for Finder
    When click on Bulk module
    And click on email finder for bulk emailfinder
    Then click on upload csv file button for bulk emailfinder
    And click on up arrow button to upload the file for bulk emailfinder
    Then select the fields in mapping screen window in bulk emailfinder
    And click on import from csv in bulk emailfinder
    Then verify list of valid emails will display or not in a grid view or tabular form

    Examples: 
	LOG-: [
+----------------------------------------------------------------------------------------------------------------------------+ -  2020-10-05 19:28:09 PM] 
- 
+----------------------------------------------------------------------------------------------------------------------------+
- 
+----------------------------------------------------------------------------------------------------------------------------+
	LOG-: [Test Started: Verify that user is able to upload CSV file for Bulk EmailFinder -  2020-10-05 19:28:09 PM] 
- Test Started: Verify that user is able to upload CSV file for Bulk EmailFinder
- Test Started: Verify that user is able to upload CSV file for Bulk EmailFinder
	LOG-: [Test is executed in Environment: Local -  2020-10-05 19:28:09 PM] 
- Test is executed in Environment: Local
- Test is executed in Environment: Local
	LOG-: [Test is started with browser: CHROMEHEADLESS -  2020-10-05 19:28:09 PM] 
- Test is started with browser: CHROMEHEADLESS
- Test is started with browser: CHROMEHEADLESS
20201005192809
	LOG-: [Click: By.xpath: //span[text()='Bulk'] -  2020-10-05 19:28:09 PM] 
- Click: By.xpath: //span[text()='Bulk']
- Click: By.xpath: //span[text()='Bulk']
ExecutionReports\FailedScreenshots\ScreenShot_1601906289763.png
Current Page URL is https://appup2.stg.500apps.io/#/ms/finder/2/0/bulk/d/f-bulks/0/0/0/0/0/0/0/c-b/0

  @Finder
  Scenario Outline: Verify that user is able to upload CSV file for Bulk EmailFinder    # features/FinderApp.feature:65
    Given Read the test data  "FinderTestData1" from Excel file for Finder              # FinderAppSteps.read_the_test_data_from_Excel_file_for_Finder(String)
    When click on Bulk module                                                           # FinderAppSteps.click_on_Bulk_module()
      java.lang.AssertionError: unknown error: Element <span>...</span> is not clickable at point (557, 27). Other element would receive the click: <div role="dialog" tabindex="-1" class="modal fade show d-block" id="__BVID__303" aria-modal="true" style="">...</div>
        (Session info: headless chrome=85.0.4183.121)
        (Driver info: chromedriver=2.40.565498 (ea082db3280dd6843ebfb08a625e3eb905c4f5ab),platform=Windows NT 10.0.18363 x86_64) (WARNING: The server did not provide any stacktrace information)
      Command duration or timeout: 0 milliseconds
      Build info: version: '3.8.1', revision: '6e95a6684b', time: '2017-12-01T18:33:54.468Z'
      System info: host: 'IMTIYAZ-PC', ip: '192.168.0.102', os.name: 'Windows 10', os.arch: 'amd64', os.version: '10.0', java.version: '1.8.0_231'
      Driver info: org.openqa.selenium.chrome.ChromeDriver
      Capabilities {acceptInsecureCerts: false, acceptSslCerts: false, applicationCacheEnabled: false, browserConnectionEnabled: false, browserName: chrome, chrome: {chromedriverVersion: 2.40.565498 (ea082db3280dd6..., userDataDir: C:\Users\Imtiyaz\AppData\Lo...}, cssSelectorsEnabled: true, databaseEnabled: false, handlesAlerts: true, hasTouchScreen: false, javascriptEnabled: true, locationContextEnabled: true, mobileEmulationEnabled: false, nativeEvents: true, networkConnectionEnabled: false, pageLoadStrategy: normal, platform: XP, platformName: XP, rotatable: false, setWindowRect: true, takesHeapSnapshot: true, takesScreenshot: true, unexpectedAlertBehaviour: , unhandledPromptBehavior: , version: 85.0.4183.121, webStorageEnabled: true}
      Session ID: d43a72fbcafb0e5e0264cb17c4ff5ba9
      	at org.testng.Assert.fail(Assert.java:97)
      	at com.finder.stepdefinitions.FinderAppSteps.click_on_Bulk_module(FinderAppSteps.java:199)
      	at ?.When click on Bulk module(features/FinderApp.feature:55)

    And click on email finder for bulk emailfinder                                      # FinderAppSteps.click_on_email_finder_for_bulk_emailfinder()
    Then click on upload csv file button for bulk emailfinder                           # FinderAppSteps.click_on_upload_csv_file_button_for_bulk_emailfinder()
    And click on up arrow button to upload the file for bulk emailfinder                # FinderAppSteps.click_on_up_arrow_button_to_upload_the_file_for_bulk_emailfinder()
    Then select the fields in mapping screen window in bulk emailfinder                 # FinderAppSteps.select_the_fields_in_mapping_screen_window_in_bulk_emailfinder()
    And click on import from csv in bulk emailfinder                                    # FinderAppSteps.click_on_import_from_csv_in_bulk_emailfinder()
    Then verify list of valid emails will display or not in a grid view or tabular form # FinderAppSteps.verify_list_of_valid_emails_will_display_or_not_in_a_grid_view_or_tabular_form()

  @Finder
  Scenario Outline: Verify that user is able to upload CSV file for Bulk DomainSearch           # features/FinderApp.feature:67
    Given Read the test data  "<FinderTestData>" from Excel file for Finder
    When click on Bulk module
    And click on domain search for bulk domain search
    Then click on upload csv file button for bulk domain search
    And click on up arrow button to upload the file for bulk domain search
    Then select the fields in mapping screen window for bulk domain search
    And click on import from csv for bulk domain search
    Then verify user should get a download option after uploading a file for bulk domain search

    Examples: 
	LOG-: [
+----------------------------------------------------------------------------------------------------------------------------+ -  2020-10-05 19:28:10 PM] 
- 
+----------------------------------------------------------------------------------------------------------------------------+
- 
+----------------------------------------------------------------------------------------------------------------------------+
	LOG-: [Test Started: Verify that user is able to upload CSV file for Bulk DomainSearch -  2020-10-05 19:28:10 PM] 
- Test Started: Verify that user is able to upload CSV file for Bulk DomainSearch
- Test Started: Verify that user is able to upload CSV file for Bulk DomainSearch
	LOG-: [Test is executed in Environment: Local -  2020-10-05 19:28:10 PM] 
- Test is executed in Environment: Local
- Test is executed in Environment: Local
	LOG-: [Test is started with browser: CHROMEHEADLESS -  2020-10-05 19:28:10 PM] 
- Test is started with browser: CHROMEHEADLESS
- Test is started with browser: CHROMEHEADLESS
20201005192810
	LOG-: [Click: By.xpath: //span[text()='Bulk'] -  2020-10-05 19:28:10 PM] 
- Click: By.xpath: //span[text()='Bulk']
- Click: By.xpath: //span[text()='Bulk']
ExecutionReports\FailedScreenshots\ScreenShot_1601906290690.png
Current Page URL is https://appup2.stg.500apps.io/#/ms/finder/2/0/bulk/d/f-bulks/0/0/0/0/0/0/0/c-b/0

  @Finder
  Scenario Outline: Verify that user is able to upload CSV file for Bulk DomainSearch           # features/FinderApp.feature:80
    Given Read the test data  "FinderTestData1" from Excel file for Finder                      # FinderAppSteps.read_the_test_data_from_Excel_file_for_Finder(String)
    When click on Bulk module                                                                   # FinderAppSteps.click_on_Bulk_module()
      java.lang.AssertionError: unknown error: Element <span>...</span> is not clickable at point (557, 27). Other element would receive the click: <div role="dialog" tabindex="-1" class="modal fade show d-block" id="__BVID__303" aria-modal="true" style="">...</div>
        (Session info: headless chrome=85.0.4183.121)
        (Driver info: chromedriver=2.40.565498 (ea082db3280dd6843ebfb08a625e3eb905c4f5ab),platform=Windows NT 10.0.18363 x86_64) (WARNING: The server did not provide any stacktrace information)
      Command duration or timeout: 0 milliseconds
      Build info: version: '3.8.1', revision: '6e95a6684b', time: '2017-12-01T18:33:54.468Z'
      System info: host: 'IMTIYAZ-PC', ip: '192.168.0.102', os.name: 'Windows 10', os.arch: 'amd64', os.version: '10.0', java.version: '1.8.0_231'
      Driver info: org.openqa.selenium.chrome.ChromeDriver
      Capabilities {acceptInsecureCerts: false, acceptSslCerts: false, applicationCacheEnabled: false, browserConnectionEnabled: false, browserName: chrome, chrome: {chromedriverVersion: 2.40.565498 (ea082db3280dd6..., userDataDir: C:\Users\Imtiyaz\AppData\Lo...}, cssSelectorsEnabled: true, databaseEnabled: false, handlesAlerts: true, hasTouchScreen: false, javascriptEnabled: true, locationContextEnabled: true, mobileEmulationEnabled: false, nativeEvents: true, networkConnectionEnabled: false, pageLoadStrategy: normal, platform: XP, platformName: XP, rotatable: false, setWindowRect: true, takesHeapSnapshot: true, takesScreenshot: true, unexpectedAlertBehaviour: , unhandledPromptBehavior: , version: 85.0.4183.121, webStorageEnabled: true}
      Session ID: d43a72fbcafb0e5e0264cb17c4ff5ba9
      	at org.testng.Assert.fail(Assert.java:97)
      	at com.finder.stepdefinitions.FinderAppSteps.click_on_Bulk_module(FinderAppSteps.java:199)
      	at ?.When click on Bulk module(features/FinderApp.feature:70)

    And click on domain search for bulk domain search                                           # FinderAppSteps.click_on_domain_search_for_bulk_domain_search()
    Then click on upload csv file button for bulk domain search                                 # FinderAppSteps.click_on_upload_csv_file_button_for_bulk_domain_search()
    And click on up arrow button to upload the file for bulk domain search                      # FinderAppSteps.click_on_up_arrow_button_to_upload_the_file_for_bulk_domain_search()
    Then select the fields in mapping screen window for bulk domain search                      # FinderAppSteps.select_the_fields_in_mapping_screen_window_for_bulk_domain_search()
    And click on import from csv for bulk domain search                                         # FinderAppSteps.click_on_import_from_csv_for_bulk_domain_search()
    Then verify user should get a download option after uploading a file for bulk domain search # FinderAppSteps.verify_user_should_get_a_download_option_after_uploading_a_file_for_bulk_domain_search()

  @Finder
  Scenario Outline: Verify that user is able to Add Edit and Delete list    # features/FinderApp.feature:82
    Given Read the test data  "<FinderTestData>" from Excel file for Finder
    When click on Lists module
    And click on Add List
    And enter the list name and save the list
    Then Edit the List
    Then Delete the List

    Examples: 
	LOG-: [
+----------------------------------------------------------------------------------------------------------------------------+ -  2020-10-05 19:28:11 PM] 
- 
+----------------------------------------------------------------------------------------------------------------------------+
- 
+----------------------------------------------------------------------------------------------------------------------------+
	LOG-: [Test Started: Verify that user is able to Add Edit and Delete list -  2020-10-05 19:28:11 PM] 
- Test Started: Verify that user is able to Add Edit and Delete list
- Test Started: Verify that user is able to Add Edit and Delete list
	LOG-: [Test is executed in Environment: Local -  2020-10-05 19:28:11 PM] 
- Test is executed in Environment: Local
- Test is executed in Environment: Local
	LOG-: [Test is started with browser: CHROMEHEADLESS -  2020-10-05 19:28:11 PM] 
- Test is started with browser: CHROMEHEADLESS
- Test is started with browser: CHROMEHEADLESS
20201005192811
	LOG-: [Click: By.xpath: //span[contains(text(),'Lists')] -  2020-10-05 19:28:11 PM] 
- Click: By.xpath: //span[contains(text(),'Lists')]
- Click: By.xpath: //span[contains(text(),'Lists')]
ExecutionReports\FailedScreenshots\ScreenShot_1601906291570.png
Current Page URL is https://appup2.stg.500apps.io/#/ms/finder/2/0/bulk/d/f-bulks/0/0/0/0/0/0/0/c-b/0

  @Finder
  Scenario Outline: Verify that user is able to Add Edit and Delete list   # features/FinderApp.feature:93
    Given Read the test data  "FinderTestData1" from Excel file for Finder # FinderAppSteps.read_the_test_data_from_Excel_file_for_Finder(String)
    When click on Lists module                                             # FinderAppSteps.click_on_Lists_module()
      java.lang.AssertionError: unknown error: Element <span>...</span> is not clickable at point (610, 27). Other element would receive the click: <div role="dialog" tabindex="-1" class="modal fade show d-block" id="__BVID__303" aria-modal="true" style="">...</div>
        (Session info: headless chrome=85.0.4183.121)
        (Driver info: chromedriver=2.40.565498 (ea082db3280dd6843ebfb08a625e3eb905c4f5ab),platform=Windows NT 10.0.18363 x86_64) (WARNING: The server did not provide any stacktrace information)
      Command duration or timeout: 0 milliseconds
      Build info: version: '3.8.1', revision: '6e95a6684b', time: '2017-12-01T18:33:54.468Z'
      System info: host: 'IMTIYAZ-PC', ip: '192.168.0.102', os.name: 'Windows 10', os.arch: 'amd64', os.version: '10.0', java.version: '1.8.0_231'
      Driver info: org.openqa.selenium.chrome.ChromeDriver
      Capabilities {acceptInsecureCerts: false, acceptSslCerts: false, applicationCacheEnabled: false, browserConnectionEnabled: false, browserName: chrome, chrome: {chromedriverVersion: 2.40.565498 (ea082db3280dd6..., userDataDir: C:\Users\Imtiyaz\AppData\Lo...}, cssSelectorsEnabled: true, databaseEnabled: false, handlesAlerts: true, hasTouchScreen: false, javascriptEnabled: true, locationContextEnabled: true, mobileEmulationEnabled: false, nativeEvents: true, networkConnectionEnabled: false, pageLoadStrategy: normal, platform: XP, platformName: XP, rotatable: false, setWindowRect: true, takesHeapSnapshot: true, takesScreenshot: true, unexpectedAlertBehaviour: , unhandledPromptBehavior: , version: 85.0.4183.121, webStorageEnabled: true}
      Session ID: d43a72fbcafb0e5e0264cb17c4ff5ba9
      	at org.testng.Assert.fail(Assert.java:97)
      	at com.finder.stepdefinitions.FinderAppSteps.click_on_Lists_module(FinderAppSteps.java:441)
      	at ?.When click on Lists module(features/FinderApp.feature:85)

    And click on Add List                                                  # FinderAppSteps.click_on_Add_List()
    And enter the list name and save the list                              # FinderAppSteps.enter_the_list_name_and_save_the_list()
    Then Edit the List                                                     # FinderAppSteps.edit_the_List()
    Then Delete the List                                                   # FinderAppSteps.delete_the_List()
]]></system-out>
    <system-err><![CDATA[Starting ChromeDriver 2.40.565498 (ea082db3280dd6843ebfb08a625e3eb905c4f5ab) on port 21637
Only local connections are allowed.
[1601906030.385][WARNING]: Timed out connecting to Chrome, retrying...
Oct 05, 2020 7:23:52 PM org.openqa.selenium.remote.ProtocolHandshake createSession
INFO: Detected dialect: OSS
[1601906034.788][WARNING]: Timed out connecting to Chrome, retrying...
org.openqa.selenium.NoSuchElementException: Cannot locate element with text: email
For documentation on this error, please visit: http://seleniumhq.org/exceptions/no_such_element.html
Build info: version: '3.8.1', revision: '6e95a6684b', time: '2017-12-01T18:33:54.468Z'
System info: host: 'IMTIYAZ-PC', ip: '192.168.0.102', os.name: 'Windows 10', os.arch: 'amd64', os.version: '10.0', java.version: '1.8.0_231'
Driver info: driver.version: unknown
	at org.openqa.selenium.support.ui.Select.selectByVisibleText(Select.java:151)
	at utilities.KeywordUtil.selectByVisibleText(KeywordUtil.java:770)
	at com.finder.stepdefinitions.FinderAppSteps.select_the_fields_in_mapping_screen_window_for_bulk_emailverify(FinderAppSteps.java:236)
	at sun.reflect.NativeMethodAccessorImpl.invoke0(Native Method)
	at sun.reflect.NativeMethodAccessorImpl.invoke(NativeMethodAccessorImpl.java:62)
	at sun.reflect.DelegatingMethodAccessorImpl.invoke(DelegatingMethodAccessorImpl.java:43)
	at java.lang.reflect.Method.invoke(Method.java:498)
	at cucumber.runtime.Utils$1.call(Utils.java:40)
	at cucumber.runtime.Timeout.timeout(Timeout.java:16)
	at cucumber.runtime.Utils.invoke(Utils.java:34)
	at cucumber.runtime.java.JavaStepDefinition.execute(JavaStepDefinition.java:38)
	at cucumber.runtime.StepDefinitionMatch.runStep(StepDefinitionMatch.java:37)
	at cucumber.runtime.Runtime.runStep(Runtime.java:300)
	at cucumber.runtime.model.StepContainer.runStep(StepContainer.java:44)
	at cucumber.runtime.model.StepContainer.runSteps(StepContainer.java:39)
	at cucumber.runtime.model.CucumberScenario.run(CucumberScenario.java:44)
	at cucumber.runtime.model.CucumberScenarioOutline.run(CucumberScenarioOutline.java:46)
	at cucumber.runtime.model.CucumberFeature.run(CucumberFeature.java:165)
	at cucumber.api.testng.TestNGCucumberRunner.runCucumber(TestNGCucumberRunner.java:63)
	at cucumber.api.testng.AbstractTestNGCucumberTests.feature(AbstractTestNGCucumberTests.java:21)
	at sun.reflect.NativeMethodAccessorImpl.invoke0(Native Method)
	at sun.reflect.NativeMethodAccessorImpl.invoke(NativeMethodAccessorImpl.java:62)
	at sun.reflect.DelegatingMethodAccessorImpl.invoke(DelegatingMethodAccessorImpl.java:43)
	at java.lang.reflect.Method.invoke(Method.java:498)
	at org.testng.internal.MethodInvocationHelper.invokeMethod(MethodInvocationHelper.java:134)
	at org.testng.internal.TestInvoker.invokeMethod(TestInvoker.java:597)
	at org.testng.internal.TestInvoker.invokeTestMethod(TestInvoker.java:173)
	at org.testng.internal.MethodRunner.runInSequence(MethodRunner.java:46)
	at org.testng.internal.TestInvoker$MethodInvocationAgent.invoke(TestInvoker.java:816)
	at org.testng.internal.TestInvoker.invokeTestMethods(TestInvoker.java:146)
	at org.testng.internal.TestMethodWorker.invokeTestMethods(TestMethodWorker.java:146)
	at org.testng.internal.TestMethodWorker.run(TestMethodWorker.java:128)
	at java.util.ArrayList.forEach(ArrayList.java:1257)
	at org.testng.TestRunner.privateRun(TestRunner.java:766)
	at org.testng.TestRunner.run(TestRunner.java:587)
	at org.testng.SuiteRunner.runTest(SuiteRunner.java:384)
	at org.testng.SuiteRunner.runSequentially(SuiteRunner.java:378)
	at org.testng.SuiteRunner.privateRun(SuiteRunner.java:337)
	at org.testng.SuiteRunner.run(SuiteRunner.java:286)
	at org.testng.SuiteRunnerWorker.runSuite(SuiteRunnerWorker.java:53)
	at org.testng.SuiteRunnerWorker.run(SuiteRunnerWorker.java:96)
	at org.testng.TestNG.runSuitesSequentially(TestNG.java:1187)
	at org.testng.TestNG.runSuitesLocally(TestNG.java:1109)
	at org.testng.TestNG.runSuites(TestNG.java:1039)
	at org.testng.TestNG.run(TestNG.java:1007)
	at org.apache.maven.surefire.testng.TestNGExecutor.run(TestNGExecutor.java:284)
	at org.apache.maven.surefire.testng.TestNGXmlTestSuite.execute(TestNGXmlTestSuite.java:75)
	at org.apache.maven.surefire.testng.TestNGProvider.invoke(TestNGProvider.java:119)
	at org.apache.maven.surefire.booter.ForkedBooter.runSuitesInProcess(ForkedBooter.java:428)
	at org.apache.maven.surefire.booter.ForkedBooter.execute(ForkedBooter.java:162)
	at org.apache.maven.surefire.booter.ForkedBooter.run(ForkedBooter.java:562)
	at org.apache.maven.surefire.booter.ForkedBooter.main(ForkedBooter.java:548)
]]></system-err>
  </testcase>
</testsuite>